2021-12-28 17:15:53 0 [Note] InnoDB: Mutexes and rw_locks use Windows interlocked functions
2021-12-28 17:15:53 0 [Note] InnoDB: Uses event mutexes
2021-12-28 17:15:53 0 [Note] InnoDB: Compressed tables use zlib 1.2.11
2021-12-28 17:15:53 0 [Note] InnoDB: Number of pools: 1
2021-12-28 17:15:53 0 [Note] InnoDB: Using SSE2 crc32 instructions
2021-12-28 17:15:53 0 [Note] InnoDB: Initializing buffer pool, total size = 16M, instances = 1, chunk size = 16M
2021-12-28 17:15:53 0 [Note] InnoDB: Completed initialization of buffer pool
2021-12-28 17:15:53 0 [Note] InnoDB: Starting crash recovery from checkpoint LSN=300288
2021-12-28 17:15:53 0 [Note] InnoDB: 128 out of 128 rollback segments are active.
2021-12-28 17:15:53 0 [Note] InnoDB: Removed temporary tablespace data file: "ibtmp1"
2021-12-28 17:15:53 0 [Note] InnoDB: Creating shared tablespace for temporary tables
2021-12-28 17:15:53 0 [Note] InnoDB: Setting file 'C:\xampp\mysql\data\ibtmp1' size to 12 MB. Physically writing the file full; Please wait ...
2021-12-28 17:15:53 0 [Note] InnoDB: File 'C:\xampp\mysql\data\ibtmp1' size is now 12 MB.
2021-12-28 17:15:53 0 [Note] InnoDB: Waiting for purge to start
2021-12-28 17:15:53 0 [Note] InnoDB: 10.4.20 started; log sequence number 300297; transaction id 170
2021-12-28 17:15:53 0 [Note] Plugin 'FEEDBACK' is disabled.
2021-12-28 17:15:53 0 [Note] InnoDB: Loading buffer pool(s) from C:\xampp\mysql\data\ib_buffer_pool
2021-12-28 17:15:53 0 [Note] InnoDB: Buffer pool(s) load completed at 211228 17:15:53
2021-12-28 17:15:53 0 [Note] Server socket created on IP: '::'.
2021-12-28 19:01:47 0 [Note] mysqld.exe: Aria engine: starting recovery
recovered pages: 0% 13% 33% 47% 67% 83% 100% (0.0 seconds); tables to flush: 1 0
 (0.0 seconds); 
2021-12-28 19:01:47 0 [Note] mysqld.exe: Aria engine: recovery done
2021-12-28 19:01:47 0 [Note] InnoDB: Mutexes and rw_locks use Windows interlocked functions
2021-12-28 19:01:47 0 [Note] InnoDB: Uses event mutexes
2021-12-28 19:01:47 0 [Note] InnoDB: Compressed tables use zlib 1.2.11
2021-12-28 19:01:47 0 [Note] InnoDB: Number of pools: 1
2021-12-28 19:01:47 0 [Note] InnoDB: Using SSE2 crc32 instructions
2021-12-28 19:01:47 0 [Note] InnoDB: Initializing buffer pool, total size = 16M, instances = 1, chunk size = 16M
2021-12-28 19:01:47 0 [Note] InnoDB: Completed initialization of buffer pool
2021-12-28 19:01:47 0 [Note] InnoDB: Starting crash recovery from checkpoint LSN=310304
2021-12-28 19:01:47 0 [Note] InnoDB: 128 out of 128 rollback segments are active.
2021-12-28 19:01:47 0 [Note] InnoDB: Removed temporary tablespace data file: "ibtmp1"
2021-12-28 19:01:47 0 [Note] InnoDB: Creating shared tablespace for temporary tables
2021-12-28 19:01:47 0 [Note] InnoDB: Setting file 'C:\xampp\mysql\data\ibtmp1' size to 12 MB. Physically writing the file full; Please wait ...
2021-12-28 19:01:47 0 [Note] InnoDB: File 'C:\xampp\mysql\data\ibtmp1' size is now 12 MB.
2021-12-28 19:01:47 0 [Note] InnoDB: Waiting for purge to start
2021-12-28 19:01:47 0 [Note] InnoDB: 10.4.20 started; log sequence number 310313; transaction id 218
2021-12-28 19:01:47 0 [Note] InnoDB: Loading buffer pool(s) from C:\xampp\mysql\data\ib_buffer_pool
2021-12-28 19:01:47 0 [Note] Plugin 'FEEDBACK' is disabled.
2021-12-28 19:01:47 0 [Note] Server socket created on IP: '::'.
2021-12-29 15:35:08 0 [Note] InnoDB: Mutexes and rw_locks use Windows interlocked functions
2021-12-29 15:35:08 0 [Note] InnoDB: Uses event mutexes
2021-12-29 15:35:08 0 [Note] InnoDB: Compressed tables use zlib 1.2.11
2021-12-29 15:35:08 0 [Note] InnoDB: Number of pools: 1
2021-12-29 15:35:08 0 [Note] InnoDB: Using SSE2 crc32 instructions
2021-12-29 15:35:08 0 [Note] InnoDB: Initializing buffer pool, total size = 16M, instances = 1, chunk size = 16M
2021-12-29 15:35:08 0 [Note] InnoDB: Completed initialization of buffer pool
2021-12-29 15:35:08 0 [Note] InnoDB: Starting crash recovery from checkpoint LSN=311463
2021-12-29 15:35:09 0 [Note] InnoDB: 128 out of 128 rollback segments are active.
2021-12-29 15:35:09 0 [Note] InnoDB: Removed temporary tablespace data file: "ibtmp1"
2021-12-29 15:35:09 0 [Note] InnoDB: Creating shared tablespace for temporary tables
2021-12-29 15:35:09 0 [Note] InnoDB: Setting file 'C:\xampp\mysql\data\ibtmp1' size to 12 MB. Physically writing the file full; Please wait ...
2021-12-29 15:35:09 0 [Note] InnoDB: File 'C:\xampp\mysql\data\ibtmp1' size is now 12 MB.
2021-12-29 15:35:09 0 [Note] InnoDB: Waiting for purge to start
2021-12-29 15:35:09 0 [Note] InnoDB: 10.4.20 started; log sequence number 311472; transaction id 232
2021-12-29 15:35:09 0 [Note] InnoDB: Loading buffer pool(s) from C:\xampp\mysql\data\ib_buffer_pool
2021-12-29 15:35:09 0 [Note] Plugin 'FEEDBACK' is disabled.
2021-12-29 15:35:09 0 [Note] Server socket created on IP: '::'.
